<?xml version="1.0" encoding="UTF-8"?>
<testng-results skipped="0" failed="0" ignored="0" total="1" passed="1">
  <reporter-output>
  </reporter-output>
  <suite name="Default suite" duration-ms="5020" started-at="2022-04-10T20:40:41 IST" finished-at="2022-04-10T20:40:46 IST">
    <groups>
    </groups>
    <test name="Default test" duration-ms="5020" started-at="2022-04-10T20:40:41 IST" finished-at="2022-04-10T20:40:46 IST">
      <class name="getRequest.getData">
        <test-method status="PASS" signature="testBody()[pri:0, instance:getRequest.getData@5a1c0542]" name="testBody" duration-ms="4972" started-at="2022-04-10T20:40:41 IST" finished-at="2022-04-10T20:40:46 IST">
          <reporter-output>
          </reporter-output>
        </test-method> <!-- testBody -->
      </class> <!-- getRequest.getData -->
    </test> <!-- Default test -->
  </suite> <!-- Default suite -->
</testng-results>
